C51 COMPILER V9.59.0.0   MAIN                                                              10/16/2018 12:34:30 PAGE 1   


C51 COMPILER V9.59.0.0, COMPILATION OF MODULE MAIN
OBJECT MODULE PLACED IN .\Objects\main.obj
COMPILER INVOKED BY: C:\Keil_v5\C51\BIN\C51.EXE main.c OPTIMIZE(8,SPEED) BROWSE DEBUG OBJECTEXTEND PRINT(.\Listings\main
                    -.lst) TABS(2) OBJECT(.\Objects\main.obj)

line level    source

   1          #include<at89x52.h>
   2          #define Tea P0_1
   3          #define Coffee P0_2
   4          #define Glass P1
   5          const LIGADO = 1;
   6          const DESLIGADO = 0;
   7          
   8          void delay(unsigned int time_ms){
   9   1        unsigned int i, j;
  10   1        for (i = 0; i < time_ms; i++){
  11   2          for (j = 0; j < 12750; j++){
  12   3          }
  13   2        }
  14   1      }
  15          void coinInterrupt() interrupt 0 { // Séra chamada quando a moeda for colocado, ou seja a porta da interru
             -pção P3_2;
  16   1        if((Tea == LIGADO) && (Coffee == DESLIGADO)){
  17   2            delay(800);           // pequeno tempo para a máquina identificar o que será feito;
  18   2            Glass = LIGADO;      // O copo é ligado para encher;
  19   2            delay(4000);        //tempo em que o copo enche;
  20   2            Glass = DESLIGADO; //Copo cheio;
  21   2            Tea = DESLIGADO;  //Desliga o pino do Chá;
  22   2            P3_2 = 1;
  23   2          }
  24   1          else if((Coffee == LIGADO) && (Tea == DESLIGADO)){
  25   2            delay(800);               // pequeno tempo para a máquina identificar o que será feito;
  26   2            Glass = LIGADO;          // O copo é ligado para encher;
  27   2            delay(4000);            //tempo em que o copo enche;
  28   2            Glass = DESLIGADO;     //Copo cheio;
  29   2            Coffee = DESLIGADO;   //Desliga o pino do café;
  30   2            P3_2 = 1;
  31   2          }
  32   1      }
  33          
  34          int main(){
  35   1          EA = 1;  //habilita a chave geral das interrupções;
  36   1          EX0 = 1; //habilita a interrupção 0;
  37   1          P0 = DESLIGADO;
  38   1          P1 = DESLIGADO;
  39   1          while(1){
  40   2           //Esperando moeda;
  41   2          }
  42   1      }


MODULE INFORMATION:   STATIC OVERLAYABLE
   CODE SIZE        =    172    ----
   CONSTANT SIZE    =   ----    ----
   XDATA SIZE       =   ----    ----
   PDATA SIZE       =   ----    ----
   DATA SIZE        =      4    ----
   IDATA SIZE       =   ----    ----
   BIT SIZE         =   ----    ----
END OF MODULE INFORMATION.

C51 COMPILER V9.59.0.0   MAIN                                                              10/16/2018 12:34:30 PAGE 2   


C51 COMPILATION COMPLETE.  0 WARNING(S),  0 ERROR(S)
